[    0.000000] Linux version 4.15.0-192-generic (buildd@lcy02-amd64-029) (gcc version 7.5.0 (Ubuntu 7.5.0-3ubuntu1~18.04)) #203-Ubuntu SMP Wed Aug 10 17:40:03 UTC 2022 (Ubuntu 4.15.0-192.203-generic 4.15.18)
[    0.000000] Command line: BOOT_IMAGE=/boot/vmlinuz-4.15.0-192-generic root=LABEL=cloudimg-rootfs ro console=tty1 console=ttyS0
[    0.000000] KERNEL supported cpus:
[    0.000000]   Intel GenuineIntel
[    0.000000]   AMD AuthenticAMD
[    0.000000]   Centaur CentaurHauls
[    0.000000] x86/fpu: Supporting XSAVE feature 0x001: 'x87 floating point registers'
[    0.000000] x86/fpu: Supporting XSAVE feature 0x002: 'SSE registers'
[    0.000000] x86/fpu: Supporting XSAVE feature 0x004: 'AVX registers'
[    0.000000] x86/fpu: xstate_offset[2]:  576, xstate_sizes[2]:  256
[    0.000000] x86/fpu: Enabled xstate features 0x7, context size is 832 bytes, using 'standard' format.
[    0.000000] e820: BIOS-provided physical RAM map:
[    0.000000] BIOS-e820: [mem 0x0000000000000000-0x000000000009fbff] usable
[    0.000000] BIOS-e820: [mem 0x000000000009fc00-0x000000000009ffff] reserved
[    0.000000] BIOS-e820: [mem 0x00000000000f0000-0x00000000000fffff] reserved
[    0.000000] BIOS-e820: [mem 0x0000000000100000-0x000000001ffeffff] usable
[    0.000000] BIOS-e820: [mem 0x000000001fff0000-0x000000001fffffff] ACPI data
[    0.000000] BIOS-e820: [mem 0x00000000fec00000-0x00000000fec00fff] reserved
[    0.000000] BIOS-e820: [mem 0x00000000fee00000-0x00000000fee00fff] reserved
[    0.000000] BIOS-e820: [mem 0x00000000fffc0000-0x00000000ffffffff] reserved
[    0.000000] NX (Execute Disable) protection: active
[    0.000000] SMBIOS 2.5 present.
[    0.000000] DMI: innotek GmbH VirtualBox/VirtualBox, BIOS VirtualBox 12/01/2006
[    0.000000] Hypervisor detected: KVM
[    0.000000] e820: last_pfn = 0x1fff0 max_arch_pfn = 0x400000000
[    0.000000] MTRR: Disabled
[    0.000000] x86/PAT: MTRRs disabled, skipping PAT initialization too.
[    0.000000] CPU MTRRs all blank - virtualized system.
[    0.000000] x86/PAT: Configuration [0-7]: WB  WT  UC- UC  WB  WT  UC- UC  
[    0.000000] found SMP MP-table at [mem 0x0009fff0-0x0009ffff]
[    0.000000] Scanning 1 areas for low memory corruption
[    0.000000] RAMDISK: [mem 0x1db41000-0x1ee52fff]
[    0.000000] ACPI: Early table checksum verification disabled
[    0.000000] ACPI: RSDP 0x00000000000E0000 000024 (v02 VBOX  )
[    0.000000] ACPI: XSDT 0x000000001FFF0030 00003C (v01 VBOX   VBOXXSDT 00000001 ASL  00000061)
[    0.000000] ACPI: FACP 0x000000001FFF00F0 0000F4 (v04 VBOX   VBOXFACP 00000001 ASL  00000061)
[    0.000000] ACPI: DSDT 0x000000001FFF0470 002325 (v02 VBOX   VBOXBIOS 00000002 INTL 20100528)
[    0.000000] ACPI: FACS 0x000000001FFF0200 000040
[    0.000000] ACPI: FACS 0x000000001FFF0200 000040
[    0.000000] ACPI: APIC 0x000000001FFF0240 00005C (v02 VBOX   VBOXAPIC 00000001 ASL  00000061)
[    0.000000] ACPI: SSDT 0x000000001FFF02A0 0001CC (v01 VBOX   VBOXCPUT 00000002 INTL 20100528)
[    0.000000] ACPI: Reserving FACP table memory at [mem 0x1fff00f0-0x1fff01e3]
[    0.000000] ACPI: Reserving DSDT table memory at [mem 0x1fff0470-0x1fff2794]
[    0.000000] ACPI: Reserving FACS table memory at [mem 0x1fff0200-0x1fff023f]
[    0.000000] ACPI: Reserving FACS table memory at [mem 0x1fff0200-0x1fff023f]
[    0.000000] ACPI: Reserving APIC table memory at [mem 0x1fff0240-0x1fff029b]
[    0.000000] ACPI: Reserving SSDT table memory at [mem 0x1fff02a0-0x1fff046b]
[    0.000000] No NUMA configuration found
[    0.000000] Faking a node at [mem 0x0000000000000000-0x000000001ffeffff]
[    0.000000] NODE_DATA(0) allocated [mem 0x1ffc5000-0x1ffeffff]
[    0.000000] kvm-clock: cpu 0, msr 0:1ff44001, primary cpu clock
[    0.000000] kvm-clock: Using msrs 4b564d01 and 4b564d00
[    0.000000] kvm-clock: using sched offset of 4352481583 cycles
[    0.000000] clocksource: kvm-clock: mask: 0xffffffffffffffff max_cycles: 0x1cd42e4dffb, max_idle_ns: 881590591483 ns
[    0.000000] Zone ranges:
[    0.000000]   DMA      [mem 0x0000000000001000-0x0000000000ffffff]
[    0.000000]   DMA32    [mem 0x0000000001000000-0x000000001ffeffff]
[    0.000000]   Normal   empty
[    0.000000]   Device   empty
[    0.000000] Movable zone start for each node
[    0.000000] Early memory node ranges
[    0.000000]   node   0: [mem 0x0000000000001000-0x000000000009efff]
[    0.000000]   node   0: [mem 0x0000000000100000-0x000000001ffeffff]
[    0.000000] Reserved but unavailable: 104 pages
[    0.000000] Initmem setup node 0 [mem 0x0000000000001000-0x000000001ffeffff]
[    0.000000] ACPI: PM-Timer IO Port: 0x4008
[    0.000000] IOAPIC[0]: apic_id 2, version 32, address 0xfec00000, GSI 0-23
[    0.000000] ACPI: INT_SRC_OVR (bus 0 bus_irq 0 global_irq 2 dfl dfl)
[    0.000000] ACPI: INT_SRC_OVR (bus 0 bus_irq 9 global_irq 9 low level)
[    0.000000] Using ACPI (MADT) for SMP configuration information
[    0.000000] smpboot: Allowing 2 CPUs, 0 hotplug CPUs
[    0.000000] PM: Registered nosave memory: [mem 0x00000000-0x00000fff]
[    0.000000] PM: Registered nosave memory: [mem 0x0009f000-0x0009ffff]
[    0.000000] PM: Registered nosave memory: [mem 0x000a0000-0x000effff]
[    0.000000] PM: Registered nosave memory: [mem 0x000f0000-0x000fffff]
[    0.000000] e820: [mem 0x20000000-0xfebfffff] available for PCI devices
[    0.000000] Booting paravirtualized kernel on KVM
[    0.000000] clocksource: refined-jiffies: mask: 0xffffffff max_cycles: 0xffffffff, max_idle_ns: 7645519600211568 ns
[    0.000000] random: get_random_bytes called from start_kernel+0x99/0x500 with crng_init=0
[    0.000000] setup_percpu: NR_CPUS:8192 nr_cpumask_bits:2 nr_cpu_ids:2 nr_node_ids:1
[    0.000000] percpu: Embedded 50 pages/cpu s167936 r8192 d28672 u1048576
[    0.000000] PV qspinlock hash table entries: 256 (order: 0, 4096 bytes)
[    0.000000] Built 1 zonelists, mobility grouping on.  Total pages: 128889
[    0.000000] Policy zone: DMA32
[    0.000000] Kernel command line: BOOT_IMAGE=/boot/vmlinuz-4.15.0-192-generic root=LABEL=cloudimg-rootfs ro console=tty1 console=ttyS0
[    0.000000] Memory: 466552K/523832K available (12300K kernel code, 2484K rwdata, 4324K rodata, 2468K init, 2724K bss, 57280K reserved, 0K cma-reserved)
[    0.000000] SLUB: HWalign=64, Order=0-3, MinObjects=0, CPUs=2, Nodes=1
[    0.000000] ftrace: allocating 39482 entries in 155 pages
[    0.004000] Hierarchical RCU implementation.
[    0.004000] 	RCU restricting CPUs from NR_CPUS=8192 to nr_cpu_ids=2.
[    0.004000] 	Tasks RCU enabled.
[    0.004000] RCU: Adjusting geometry for rcu_fanout_leaf=16, nr_cpu_ids=2
[    0.004000] NR_IRQS: 524544, nr_irqs: 440, preallocated irqs: 16
[    0.004000] Console: colour VGA+ 80x25
[    0.004000] console [tty1] enabled
[    0.004000] console [ttyS0] enabled
[    0.004000] ACPI: Core revision 20170831
[    0.004000] ACPI: 2 ACPI AML tables successfully acquired and loaded
[    0.004000] APIC: Switch to symmetric I/O mode setup
[    0.004000] x2apic enabled
[    0.004000] Switched APIC routing to physical x2apic.
[    0.004000] ..TIMER: vector=0x30 apic1=0 pin1=2 apic2=-1 pin2=-1
[    0.004000] tsc: Detected 2995.204 MHz processor
[    0.004019] Calibrating delay loop (skipped) preset value.. 5990.40 BogoMIPS (lpj=11980816)
[    0.005266] pid_max: default: 32768 minimum: 301
[    0.006010] Security Framework initialized
[    0.006568] Yama: becoming mindful.
[    0.007033] AppArmor: AppArmor initialized
[    0.007649] Dentry cache hash table entries: 65536 (order: 7, 524288 bytes)
[    0.008039] Inode-cache hash table entries: 32768 (order: 6, 262144 bytes)
[    0.008921] Mount-cache hash table entries: 1024 (order: 1, 8192 bytes)
[    0.009753] Mountpoint-cache hash table entries: 1024 (order: 1, 8192 bytes)
[    0.012265] Last level iTLB entries: 4KB 0, 2MB 0, 4MB 0
[    0.012894] Last level dTLB entries: 4KB 0, 2MB 0, 4MB 0, 1GB 0
[    0.013541] Spectre V1 : Mitigation: usercopy/swapgs barriers and __user pointer sanitization
[    0.014501] Spectre V2 : Mitigation: Retpolines
[    0.015063] Spectre V2 : Spectre v2 / SpectreRSB mitigation: Filling RSB on context switch
[    0.016001] Speculative Store Bypass: Vulnerable
[    0.016795] Freeing SMP alternatives memory: 36K
[    0.127727] smpboot: CPU0: 11th Gen Intel(R) Core(TM) i3-1115G4 @ 3.00GHz (family: 0x6, model: 0x8c, stepping: 0x1)
[    0.128000] Performance Events: unsupported p6 CPU model 140 no PMU driver, software events only.
[    0.128000] Hierarchical SRCU implementation.
[    0.128666] NMI watchdog: Perf event create on CPU 0 failed with -2
[    0.129622] NMI watchdog: Perf NMI watchdog permanently disabled
[    0.130538] smp: Bringing up secondary CPUs ...
[    0.131372] x86: Booting SMP configuration:
[    0.132002] .... node  #0, CPUs:      #1
[    0.004000] kvm-clock: cpu 1, msr 0:1ff44041, secondary cpu clock
[    0.136021] smp: Brought up 1 node, 2 CPUs
[    0.136794] smpboot: Max logical packages: 1
[    0.137512] smpboot: Total of 2 processors activated (11980.81 BogoMIPS)
[    0.138640] devtmpfs: initialized
[    0.138640] x86/mm: Memory block size: 128MB
[    0.140120] evm: security.selinux
[    0.140620] evm: security.SMACK64
[    0.141097] evm: security.SMACK64EXEC
[    0.141618] evm: security.SMACK64TRANSMUTE
[    0.142199] evm: security.SMACK64MMAP
[    0.142715] evm: security.apparmor
[    0.144002] evm: security.ima
[    0.144450] evm: security.capability
[    0.144993] clocksource: jiffies: mask: 0xffffffff max_cycles: 0xffffffff, max_idle_ns: 7645041785100000 ns
[    0.145304] futex hash table entries: 512 (order: 3, 32768 bytes)
[    0.146142] pinctrl core: initialized pinctrl subsystem
[    0.148070] RTC time: 12:00:20, date: 09/21/22
[    0.148716] NET: Registered protocol family 16
[    0.149370] audit: initializing netlink subsys (disabled)
[    0.150107] audit: type=2000 audit(1663761626.420:1): state=initialized audit_enabled=0 res=1
[    0.150107] cpuidle: using governor ladder
[    0.150107] cpuidle: using governor menu
[    0.152045] ACPI: bus type PCI registered
[    0.152612] acpiphp: ACPI Hot Plug PCI Controller Driver version: 0.5
[    0.153538] PCI: Using configuration type 1 for base access
[    0.154306] HugeTLB registered 2.00 MiB page size, pre-allocated 0 pages
[    0.156055] ACPI: Added _OSI(Module Device)
[    0.156664] ACPI: Added _OSI(Processor Device)
[    0.157317] ACPI: Added _OSI(3.0 _SCP Extensions)
[    0.157965] ACPI: Added _OSI(Processor Aggregator Device)
[    0.158687] ACPI: Added _OSI(Linux-Dell-Video)
[    0.159245] ACPI: Added _OSI(Linux-Lenovo-NV-HDMI-Audio)
[    0.160002] ACPI: Added _OSI(Linux-HPI-Hybrid-Graphics)
[    0.160961] ACPI: Executed 1 blocks of module-level executable AML code
[    0.164395] ACPI: Interpreter enabled
[    0.164897] ACPI: (supports S0 S5)
[    0.165366] ACPI: Using IOAPIC for interrupt routing
[    0.166181] PCI: Using host bridge windows from ACPI; if necessary, use "pci=nocrs" and report a bug
[    0.167645] ACPI: Enabled 2 GPEs in block 00 to 07
[    0.175673] ACPI: PCI Root Bridge [PCI0] (domain 0000 [bus 00-ff])
[    0.176006] acpi PNP0A03:00: _OSC: OS supports [ASPM ClockPM Segments MSI]
[    0.177247] acpi PNP0A03:00: _OSC: not requesting OS control; OS requires [ExtendedConfig ASPM ClockPM MSI]
[    0.178591] acpi PNP0A03:00: fail to add MMCONFIG information, can't access extended PCI configuration space under this bridge.
[    0.180312] PCI host bridge to bus 0000:00
[    0.180899] pci_bus 0000:00: root bus resource [io  0x0000-0x0cf7 window]
[    0.181769] pci_bus 0000:00: root bus resource [io  0x0d00-0xffff window]
[    0.182650] pci_bus 0000:00: root bus resource [mem 0x000a0000-0x000bffff window]
[    0.184002] pci_bus 0000:00: root bus resource [mem 0x20000000-0xfdffffff window]
[    0.185020] pci_bus 0000:00: root bus resource [bus 00-ff]
[    0.188606] pci 0000:00:01.1: legacy IDE quirk: reg 0x10: [io  0x01f0-0x01f7]
[    0.189550] pci 0000:00:01.1: legacy IDE quirk: reg 0x14: [io  0x03f6]
[    0.190413] pci 0000:00:01.1: legacy IDE quirk: reg 0x18: [io  0x0170-0x0177]
[    0.191329] pci 0000:00:01.1: legacy IDE quirk: reg 0x1c: [io  0x0376]
[    0.199235] pci 0000:00:07.0: quirk: [io  0x4000-0x403f] claimed by PIIX4 ACPI
[    0.200020] pci 0000:00:07.0: quirk: [io  0x4100-0x410f] claimed by PIIX4 SMB
[    0.205938] ACPI: PCI Interrupt Link [LNKA] (IRQs 5 9 10 *11)
[    0.207046] ACPI: PCI Interrupt Link [LNKB] (IRQs 5 9 *10 11)
[    0.208046] ACPI: PCI Interrupt Link [LNKC] (IRQs 5 *9 10 11)
[    0.208928] ACPI: PCI Interrupt Link [LNKD] (IRQs 5 9 10 *11)
[    0.210013] SCSI subsystem initialized
[    0.210620] pci 0000:00:02.0: vgaarb: setting as boot VGA device
[    0.210620] pci 0000:00:02.0: vgaarb: VGA device added: decodes=io+mem,owns=io+mem,locks=none
[    0.212007] pci 0000:00:02.0: vgaarb: bridge control possible
[    0.212641] vgaarb: loaded
[    0.213042] ACPI: bus type USB registered
[    0.213612] usbcore: registered new interface driver usbfs
[    0.214289] usbcore: registered new interface driver hub
[    0.215000] usbcore: registered new device driver usb
[    0.216043] EDAC MC: Ver: 3.0.0
[    0.216668] PCI: Using ACPI for IRQ routing
[    0.216859] NetLabel: Initializing
[    0.217358] NetLabel:  domain hash size = 128
[    0.217950] NetLabel:  protocols = UNLABELED CIPSOv4 CALIPSO
[    0.218721] NetLabel:  unlabeled traffic allowed by default
[    0.220064] clocksource: Switched to clocksource kvm-clock
[    0.237752] VFS: Disk quotas dquot_6.6.0
[    0.238366] VFS: Dquot-cache hash table entries: 512 (order 0, 4096 bytes)
[    0.239345] AppArmor: AppArmor Filesystem Enabled
[    0.240009] pnp: PnP ACPI init
[    0.241154] pnp: PnP ACPI: found 3 devices
[    0.248717] clocksource: acpi_pm: mask: 0xffffff max_cycles: 0xffffff, max_idle_ns: 2085701024 ns
[    0.250094] NET: Registered protocol family 2
[    0.250714] IP idents hash table entries: 8192 (order: 4, 65536 bytes)
[    0.251645] TCP established hash table entries: 4096 (order: 3, 32768 bytes)
[    0.252466] TCP bind hash table entries: 4096 (order: 4, 65536 bytes)
[    0.253169] TCP: Hash tables configured (established 4096 bind 4096)
[    0.253973] UDP hash table entries: 256 (order: 1, 8192 bytes)
[    0.254632] UDP-Lite hash table entries: 256 (order: 1, 8192 bytes)
[    0.255398] NET: Registered protocol family 1
[    0.256021] pci 0000:00:00.0: Limiting direct PCI/PCI transfers
[    0.256777] pci 0000:00:01.0: Activating ISA DMA hang workarounds
[    0.257563] pci 0000:00:02.0: Video device with shadowed ROM at [mem 0x000c0000-0x000dffff]
[    0.258742] Unpacking initramfs...
[    0.608665] Freeing initrd memory: 19528K
[    0.609663] clocksource: tsc: mask: 0xffffffffffffffff max_cycles: 0x2b2c92e0fcb, max_idle_ns: 440795297716 ns
[    0.611503] platform rtc_cmos: registered platform RTC device (no PNP device found)
[    0.612671] Scanning for low memory corruption every 60 seconds
[    0.613831] Initialise system trusted keyrings
[    0.614404] Key type blacklist registered
[    0.614970] workingset: timestamp_bits=36 max_order=17 bucket_order=0
[    0.616525] zbud: loaded
[    0.617320] squashfs: version 4.0 (2009/01/31) Phillip Lougher
[    0.618258] fuse init (API version 7.26)
[    0.620293] Key type asymmetric registered
[    0.620873] Asymmetric key parser 'x509' registered
[    0.621568] Block layer SCSI generic (bsg) driver version 0.4 loaded (major 246)
[    0.622569] io scheduler noop registered
[    0.623124] io scheduler deadline registered
[    0.623633] io scheduler cfq registered (default)
[    0.624465] ACPI: AC Adapter [AC] (on-line)
[    0.625026] input: Power Button as /devices/LNXSYSTM:00/LNXPWRBN:00/input/input0
[    0.626012] ACPI: Power Button [PWRF]
[    0.626556] input: Sleep Button as /devices/LNXSYSTM:00/LNXSLPBN:00/input/input1
[    0.627568] ACPI: Sleep Button [SLPF]
[    0.628831] ACPI: Battery Slot [BAT0] (battery present)
[    0.629659] Serial: 8250/16550 driver, 32 ports, IRQ sharing enabled
[    0.651238] 00:02: ttyS0 at I/O 0x3f8 (irq = 4, base_baud = 115200) is a 16550A
[    0.654593] Linux agpgart interface v0.103
[    0.656292] loop: module loaded
[    0.657176] scsi host0: ata_piix
[    0.657803] scsi host1: ata_piix
[    0.658327] ata1: PATA max UDMA/33 cmd 0x1f0 ctl 0x3f6 bmdma 0xd000 irq 14
[    0.659231] ata2: PATA max UDMA/33 cmd 0x170 ctl 0x376 bmdma 0xd008 irq 15
[    0.660275] tun: Universal TUN/TAP device driver, 1.6
[    0.661031] PPP generic driver version 2.4.2
[    0.661737] ehci_hcd: USB 2.0 'Enhanced' Host Controller (EHCI) Driver
[    0.662603] ehci-pci: EHCI PCI platform driver
[    0.663221] ehci-platform: EHCI generic platform driver
[    0.663930] ohci_hcd: USB 1.1 'Open' Host Controller (OHCI) Driver
[    0.664784] ohci-pci: OHCI PCI platform driver
[    0.665408] ohci-platform: OHCI generic platform driver
[    0.666119] uhci_hcd: USB Universal Host Controller Interface driver
[    0.666998] i8042: PNP: PS/2 Controller [PNP0303:PS2K,PNP0f03:PS2M] at 0x60,0x64 irq 1,12
[    0.668552] serio: i8042 KBD port at 0x60,0x64 irq 1
[    0.669302] serio: i8042 AUX port at 0x60,0x64 irq 12
[    0.670111] mousedev: PS/2 mouse device common for all mice
[    0.671365] input: AT Translated Set 2 keyboard as /devices/platform/i8042/serio0/input/input2
[    0.672117] rtc_cmos rtc_cmos: rtc core: registered rtc_cmos as rtc0
[    0.673607] rtc_cmos rtc_cmos: alarms up to one day, 114 bytes nvram
[    0.674435] i2c /dev entries driver
[    0.674962] device-mapper: uevent: version 1.0.3
[    0.675621] device-mapper: ioctl: 4.37.0-ioctl (2017-09-20) initialised: dm-devel@redhat.com
[    0.676696] ledtrig-cpu: registered to indicate activity on CPUs
[    0.677672] NET: Registered protocol family 10
[    0.680294] Segment Routing with IPv6
[    0.680748] NET: Registered protocol family 17
[    0.681290] Key type dns_resolver registered
[    0.681984] mce: Using 0 MCE banks
[    0.682397] RAS: Correctable Errors collector initialized.
[    0.683107] sched_clock: Marking stable (681940945, 0)->(795877842, -113936897)
[    0.684128] registered taskstats version 1
[    0.684702] Loading compiled-in X.509 certificates
[    0.686637] Loaded X.509 cert 'Build time autogenerated kernel key: af04d57e94487e4500da7630f19b69a59e91d95a'
[    0.688365] Loaded X.509 cert 'Canonical Ltd. Live Patch Signing: 14df34d1a87cf37625abec039ef2bf521249b969'
[    0.690122] Loaded X.509 cert 'Canonical Ltd. Kernel Module Signing: 88f752e560a1e0737e31163a466ad7b70a850c19'
[    0.691308] blacklist: Loading compiled-in revocation X.509 certificates
[    0.692246] Loaded X.509 cert 'Canonical Ltd. Secure Boot Signing: 61482aa2830d0ab2ad5af10b7250da9033ddcef0'
[    0.693342] zswap: loaded using pool lzo/zbud
[    0.695815] Key type big_key registered
[    0.696290] Key type trusted registered
[    0.697610] Key type encrypted registered
[    0.698075] AppArmor: AppArmor sha1 policy hashing enabled
[    0.698754] ima: No TPM chip found, activating TPM-bypass! (rc=-19)
[    0.699472] ima: Allocated hash algorithm: sha1
[    0.700114] evm: HMAC attrs: 0x1
[    0.700730]   Magic number: 6:829:26
[    0.701329] rtc_cmos rtc_cmos: setting system clock to 2022-09-21 12:00:21 UTC (1663761621)
[    0.702514] BIOS EDD facility v0.16 2004-Jun-25, 0 devices found
[    0.703229] EDD information not available.
[    0.846725] Freeing unused kernel image memory: 2468K
[    0.860556] Write protecting the kernel read-only data: 20480k
[    0.861793] Freeing unused kernel image memory: 2008K
[    0.862740] Freeing unused kernel image memory: 1820K
[    0.869383] x86/mm: Checked W+X mappings: passed, no W+X pages found.
Loading, please wait...
starting version 237
[    0.946241] Fusion MPT base driver 3.04.20
[    0.947293] Copyright (c) 1999-2008 LSI Corporation
[    0.963471] AVX2 version of gcm_enc/dec engaged.
[    0.964594] AES CTR mode by8 optimization enabled
[    0.966104] e1000: Intel(R) PRO/1000 Network Driver - version 7.3.21-k8-NAPI
[    0.967231] e1000: Copyright (c) 1999-2006 Intel Corporation.
[    0.977149] Fusion MPT SPI Host driver 3.04.20
[    1.170832] input: ImExPS/2 Generic Explorer Mouse as /devices/platform/i8042/serio1/input/input4
[    1.541335] e1000 0000:00:03.0 eth0: (PCI:33MHz:32-bit) 02:de:0f:a2:7f:32
[    1.543497] e1000 0000:00:03.0 eth0: Intel(R) PRO/1000 Network Connection
[    1.547400] mptbase: ioc0: Initiating bringup
[    2.536663] ioc0: LSI53C1030 A0: Capabilities={Initiator}
[    5.180854] scsi host2: ioc0: LSI53C1030 A0, FwRev=00000000h, Ports=1, MaxQ=256, IRQ=20
[    7.545469] scsi 2:0:0:0: Direct-Access     VBOX     HARDDISK         1.0  PQ: 0 ANSI: 5
[    7.585920] scsi target2:0:0: Beginning Domain Validation
[    7.591373] scsi target2:0:0: Domain Validation skipping write tests
[    7.592931] scsi target2:0:0: Ending Domain Validation
[    7.594127] scsi target2:0:0: asynchronous
[    7.595402] scsi 2:0:1:0: Direct-Access     VBOX     HARDDISK         1.0  PQ: 0 ANSI: 5
[    7.912068] scsi target2:0:1: Beginning Domain Validation
[    7.915075] random: fast init done
[    7.915489] scsi target2:0:1: Domain Validation skipping write tests
[    7.916277] scsi target2:0:1: Ending Domain Validation
[    7.916876] scsi target2:0:1: asynchronous
[    7.919623] sd 2:0:0:0: Attached scsi generic sg0 type 0
[    7.919653] random: systemd-udevd: uninitialized urandom read (16 bytes read)
[    7.921486] random: systemd-udevd: uninitialized urandom read (16 bytes read)
[    7.922305] random: systemd-udevd: uninitialized urandom read (16 bytes read)
[    7.922326] sd 2:0:1:0: Attached scsi generic sg1 type 0
[    7.923195] sd 2:0:0:0: [sda] 83886080 512-byte logical blocks: (42.9 GB/40.0 GiB)
[    7.925101] sd 2:0:0:0: [sda] Write Protect is off
[    7.926322] sd 2:0:1:0: [sdb] 20480 512-byte logical blocks: (10.5 MB/10.0 MiB)
[    7.927373] sd 2:0:0:0: [sda] Incomplete mode parameter data
[    7.928174] sd 2:0:0:0: [sda] Assuming drive cache: write through
[    7.928468] sd 2:0:1:0: [sdb] Write Protect is off
[    7.930011] sd 2:0:1:0: [sdb] Incomplete mode parameter data
[    7.930833] sd 2:0:1:0: [sdb] Assuming drive cache: write through
[    7.933280]  sda: sda1
[    7.934309] sd 2:0:0:0: [sda] Attached SCSI disk
[    7.941384] e1000 0000:00:08.0 eth1: (PCI:33MHz:32-bit) 08:00:27:fd:38:bf
[    7.942517] e1000 0000:00:08.0 eth1: Intel(R) PRO/1000 Network Connection
[    7.971829] sd 2:0:1:0: [sdb] Attached SCSI disk
[    7.973730] e1000 0000:00:03.0 enp0s3: renamed from eth0
[    7.992872] e1000 0000:00:08.0 enp0s8: renamed from eth1
Begin: Loading essential drivers ... [    9.460087] raid6: sse2x1   gen() 14718 MB/s
[    9.508103] raid6: sse2x1   xor()  5261 MB/s
[    9.556087] raid6: sse2x2   gen() 18771 MB/s
[    9.604085] raid6: sse2x2   xor() 12105 MB/s
[    9.652112] raid6: sse2x4   gen() 19802 MB/s
[    9.700177] raid6: sse2x4   xor() 11349 MB/s
[    9.748180] raid6: avx2x1   gen() 28747 MB/s
[    9.796059] raid6: avx2x1   xor() 16924 MB/s
[    9.844081] raid6: avx2x2   gen() 30512 MB/s
[    9.892141] raid6: avx2x2   xor() 12266 MB/s
[    9.940122] raid6: avx2x4   gen() 33675 MB/s
[    9.988108] raid6: avx2x4   xor() 20061 MB/s
[    9.988755] raid6: using algorithm avx2x4 gen() 33675 MB/s
[    9.989641] raid6: .... xor() 20061 MB/s, rmw enabled
[    9.990448] raid6: using avx2x2 recovery algorithm
[    9.993136] xor: automatically using best checksumming function   avx       
[    9.997343] async_tx: api initialized (async)
done.
Begin: Running /scripts/init-premount ... done.
Begin: Mounting root file system ... Begin: Running /scripts/local-top ... done.
Begin: Running /scripts/local-premount ... [   10.057221] Btrfs loaded, crc32c=crc32c-intel
Scanning for Btrfs filesystems
done.
Warning: fsck not present, so skipping root file system
[   10.094511] EXT4-fs (sda1): INFO: recovery required on readonly filesystem
[   10.095278] EXT4-fs (sda1): write access will be enabled during recovery
[   10.287852] EXT4-fs (sda1): recovery complete
[   10.290580] EXT4-fs (sda1): mounted filesystem with ordered data mode. Opts: (null)
done.
Begin: Running /scripts/local-bottom ... done.
Begin: Running /scripts/init-bottom ... done.
[   11.618754] random: crng init done
[   11.620328] random: 7 urandom warning(s) missed due to ratelimiting
[   11.642673] ip_tables: (C) 2000-2006 Netfilter Core Team
[   11.748708] systemd[1]: systemd 237 running in system mode. (+PAM +AUDIT +SELINUX +IMA +APPARMOR +SMACK +SYSVINIT +UTMP +LIBCRYPTSETUP +GCRYPT +GNUTLS +ACL +XZ +LZ4 +SECCOMP +BLKID +ELFUTILS +KMOD -IDN2 +IDN -PCRE2 default-hierarchy=hybrid)
[   11.756526] systemd[1]: Detected virtualization oracle.
[   11.758092] systemd[1]: Detected architecture x86-64.

Welcome to [1mUbuntu 18.04.6 LTS[0m!

[   11.815752] systemd[1]: Set hostname to <web01>.
[   13.977438] systemd[1]: Set up automount Arbitrary Executable File Formats File System Automount Point.
[[0;32m  OK  [0m] Set up automount Arbitrary Executab…rmats File System Automount Point.
[   13.979601] systemd[1]: Started Forward Password Requests to Wall Directory Watch.
[[0;32m  OK  [0m] Started Forward Password Requests to Wall Directory Watch.
[   13.981200] systemd[1]: Reached target Swap.
[[0;32m  OK  [0m] Reached target Swap.
[   13.982137] systemd[1]: Reached target User and Group Name Lookups.
[[0;32m  OK  [0m] Reached target User and Group Name Lookups.
[   13.983436] systemd[1]: Reached target System Time Synchronized.
[[0;32m  OK  [0m] Reached target System Time Synchronized.
[   13.985541] systemd[1]: Created slice User and Session Slice.
[[0;32m  OK  [0m] Created slice User and Session Slice.
[[0;32m  OK  [0m] Created slice System Slice.
[[0;32m  OK  [0m] Listening on Network Service Netlink Socket.
[[0;32m  OK  [0m] Listening on LVM2 poll daemon socket.
[[0;32m  OK  [0m] Listening on udev Control Socket.
[[0;32m  OK  [0m] Listening on Journal Socket (/dev/log).
[[0;32m  OK  [0m] Created slice system-serial\x2dgetty.slice.
[[0;32m  OK  [0m] Listening on LVM2 metadata daemon socket.
[[0;32m  OK  [0m] Reached target Slices.
[[0;32m  OK  [0m] Listening on /dev/initctl Compatibility Named Pipe.
[[0;32m  OK  [0m] Listening on Journal Audit Socket.
[[0;32m  OK  [0m] Listening on Syslog Socket.
[[0;32m  OK  [0m] Listening on fsck to fsckd communication Socket.
[[0;32m  OK  [0m] Listening on udev Kernel Socket.
[[0;32m  OK  [0m] Listening on Journal Socket.
         Starting Journal Service...
         Mounting Kernel Debug File System...
         Starting Uncomplicated firewall...
         Mounting Huge Pages File System...
         Starting File System Check on Root Device...
         Starting udev Coldplug all Devices...
         Starting Set the console keyboard layout...
[[0;32m  OK  [0m] Listening on Device-mapper event daemon FIFOs.
         Starting Monitoring of LVM2 mirrors…ng dmeventd or progress polling...
         Starting Load Kernel Modules...
         Starting Create list of required st…ce nodes for the current kernel...
         Mounting POSIX Message Queue File System...
[[0;32m  OK  [0m] Started Journal Service.
[[0;32m  OK  [0m] Started Uncomplicated firewall.
[[0;32m  OK  [0m] Started File System Check Daemon to report status.
[[0;32m  OK  [0m] Mounted Huge Pages File System.
[[0;32m  OK  [0m] Mounted POSIX Message Queue File System.
[[0;32m  OK  [0m] Mounted Kernel Debug File System.
[[0;32m  OK  [0m] Started udev Coldplug all Devices.
[[0;32m  OK  [0m] Started File System Check on Root Device.
         Starting Remount Root and Kernel File Systems...
[[0;32m  OK  [0m] Started Create list of required sta…vice nodes for the current kernel.
         Starting Create Static Device Nodes in /dev...
[   14.485119] EXT4-fs (sda1): re-mounted. Opts: (null)
[[0;32m  OK  [0m] Started Remount Root and Kernel File Systems.
         Starting Load/Save Random Seed...
[   14.527656] Loading iSCSI transport class v2.0-870.
[   14.554706] iscsi: registered transport (tcp)
         Starting Flush Journal to Persistent Storage...
[[0;32m  OK  [0m] Started Load/Save Random Seed.
[[0;32m  OK  [0m] Started LVM2 metadata daemon.
[[0;32m  OK  [0m] Started Create Static Device Nodes in /dev.
         Starting udev Kernel Device Manager...
[[0;32m  OK  [0m] Started Set the console keyboard layout.
[   14.823889] iscsi: registered transport (iser)
[[0;32m  OK  [0m] Started Load Kernel Modules.
         Mounting Kernel Configuration File System...
         Mounting FUSE Control File System...
         Starting Apply Kernel Variables...
[[0;32m  OK  [0m] Mounted Kernel Configuration File System.
[[0;32m  OK  [0m] Mounted FUSE Control File System.
[   14.849061] systemd-journald[396]: Received request to flush runtime journal from PID 1
[[0;32m  OK  [0m] Started Monitoring of LVM2 mirrors,…sing dmeventd or progress polling.
[[0;32m  OK  [0m] Reached target Local File Systems (Pre).
[[0;32m  OK  [0m] Reached target Local File Systems.
         Starting ebtables ruleset management...
         Starting Set console font and keymap...
         Starting AppArmor initialization...
         Starting Tell Plymouth To Write Out Runtime Data...
[[0;32m  OK  [0m] Started udev Kernel Device Manager.
[[0;32m  OK  [0m] Started Dispatch Password Requests to Console Directory Watch.
[[0;32m  OK  [0m] Reached target Local Encrypted Volumes.
[[0;32m  OK  [0m] Started Apply Kernel Variables.
[[0;32m  OK  [0m] Started Set console font and keymap.
[[0;32m  OK  [0m] Started Tell Plymouth To Write Out Runtime Data.
[[0;32m  OK  [0m] Started Flush Journal to Persistent Storage.
[[0;32m  OK  [0m] Started ebtables ruleset management.
         Starting Create Volatile Files and Directories...
[[0;32m  OK  [0m] Found device /dev/ttyS0.
[[0;32m  OK  [0m] Started Create Volatile Files and Directories.
         Starting Update UTMP about System Boot/Shutdown...
[[0;32m  OK  [0m] Started Update UTMP about System Boot/Shutdown.
[[0;32m  OK  [0m] Listening on Load/Save RF Kill Switch Status /dev/rfkill Watch.
[[0;32m  OK  [0m] Started AppArmor initialization.
         Starting Load AppArmor profiles managed internally by snapd...
         Starting Initial cloud-init job (pre-networking)...
[[0;32m  OK  [0m] Started Load AppArmor profiles managed internally by snapd.
[   22.716060] cloud-init[555]: Cloud-init v. 22.2-0ubuntu1~18.04.3 running 'init-local' at Wed, 21 Sep 2022 12:00:42 +0000. Up 22.16 seconds.
[[0;32m  OK  [0m] Started Initial cloud-init job (pre-networking).
[[0;32m  OK  [0m] Reached target Network (Pre).
         Starting Network Service...
[[0;32m  OK  [0m] Started Network Service.
         Starting Wait for Network to be Configured...
         Starting Network Name Resolution...
[[0;32m  OK  [0m] Started Network Name Resolution.
[[0;32m  OK  [0m] Reached target Host and Network Name Lookups.
[[0;32m  OK  [0m] Reached target Network.
[[0;32m  OK  [0m] Started Wait for Network to be Configured.
         Starting Initial cloud-init job (metadata service crawler)...
[   25.482784] cloud-init[677]: Cloud-init v. 22.2-0ubuntu1~18.04.3 running 'init' at Wed, 21 Sep 2022 12:00:46 +0000. Up 25.25 seconds.
[   25.485102] cloud-init[677]: ci-info: ++++++++++++++++++++++++++++++++++++++Net device info+++++++++++++++++++++++++++++++++++++++
[   25.496887] cloud-init[677]: ci-info: +--------+------+-----------------------------+---------------+--------+-------------------+
[   25.509229] cloud-init[677]: ci-info: | Device |  Up  |           Address           |      Mask     | Scope  |     Hw-Address    |
[   25.520586] cloud-init[677]: ci-info: +--------+------+-----------------------------+---------------+--------+-------------------+
[   25.521743] cloud-init[677]: ci-info: | enp0s3 | True |          10.0.2.15          | 255.255.255.0 | global | 02:de:0f:a2:7f:32 |
[   25.532532] cloud-init[677]: ci-info: | enp0s3 | True |  fe80::de:fff:fea2:7f32/64  |       .       |  link  | 02:de:0f:a2:7f:32 |
[   25.544224] cloud-init[677]: ci-info: | enp0s8 | True |        192.168.56.11        | 255.255.255.0 | global | 08:00:27:fd:38:bf |
[   25.545033] cloud-init[677]: ci-info: | enp0s8 | True | fe80::a00:27ff:fefd:38bf/64 |       .       |  link  | 08:00:27:fd:38:bf |
[   25.556329] cloud-init[677]: ci-info: |   lo   | True |          127.0.0.1          |   255.0.0.0   |  host  |         .         |
[   25.568308] cloud-init[677]: ci-info: |   lo   | True |           ::1/128           |       .       |  host  |         .         |
[   25.569741] cloud-init[677]: ci-info: +--------+------+-----------------------------+---------------+--------+-------------------+
[   25.570906] cloud-init[677]: ci-info: +++++++++++++++++++++++++++++Route IPv4 info+++++++++++++++++++++++++++++
[   25.571902] cloud-init[677]: ci-info: +-------+--------------+----------+-----------------+-----------+-------+
[   25.572921] cloud-init[677]: ci-info: | Route | Destination  | Gateway  |     Genmask     | Interface | Flags |
[   25.573746] cloud-init[677]: ci-info: +-------+--------------+----------+-----------------+-----------+-------+
[   25.574801] cloud-init[677]: ci-info: |   0   |   0.0.0.0    | 10.0.2.2 |     0.0.0.0     |   enp0s3  |   UG  |
[   25.576164] cloud-init[677]: ci-info: |   1   |   10.0.2.0   | 0.0.0.0  |  255.255.255.0  |   enp0s3  |   U   |
[   25.577499] cloud-init[677]: ci-info: |   2   |   10.0.2.2   | 0.0.0.0  | 255.255.255.255 |   enp0s3  |   UH  |
[   25.578769] cloud-init[677]: ci-info: |   3   | 192.168.56.0 | 0.0.0.0  |  255.255.255.0  |   enp0s8  |   U   |
[   25.580100] cloud-init[677]: ci-info: +-------+--------------+----------+-----------------+-----------+-------+
[   25.581018] cloud-init[677]: ci-info: +++++++++++++++++++Route IPv6 info+++++++++++++++++++
[   25.581997] cloud-init[677]: ci-info: +-------+-------------+---------+-----------+-------+
[   25.582888] cloud-init[677]: ci-info: | Route | Destination | Gateway | Interface | Flags |
[   25.583744] cloud-init[677]: ci-info: +-------+-------------+---------+-----------+-------+
[   25.584675] cloud-init[677]: ci-info: |   1   |  fe80::/64  |    ::   |   enp0s8  |   U   |
[   25.585552] cloud-init[677]: ci-info: |   2   |  fe80::/64  |    ::   |   enp0s3  |   U   |
[   25.586437] cloud-init[677]: ci-info: |   4   |    local    |    ::   |   enp0s3  |   U   |
[   25.587341] cloud-init[677]: ci-info: |   5   |    local    |    ::   |   enp0s8  |   U   |
[   25.588268] cloud-init[677]: ci-info: |   6   |   ff00::/8  |    ::   |   enp0s8  |   U   |
[   25.589164] cloud-init[677]: ci-info: |   7   |   ff00::/8  |    ::   |   enp0s3  |   U   |
[   25.590050] cloud-init[677]: ci-info: +-------+-------------+---------+-----------+-------+
[[0;32m  OK  [0m] Started Initial cloud-init job (metadata service crawler).
[[0;32m  OK  [0m] Reached target System Initialization.
[[0;32m  OK  [0m] Started Daily Cleanup of Temporary Directories.
[[0;32m  OK  [0m] Listening on Open-iSCSI iscsid Socket.
[[0;32m  OK  [0m] Listening on ACPID Listen Socket.
[[0;32m  OK  [0m] Started Ubuntu Advantage Timer for running repeated jobs.
[[0;32m  OK  [0m] Listening on UUID daemon activation socket.
[[0;32m  OK  [0m] Started Message of the Day.
[[0;32m  OK  [0m] Started ACPI Events Check.
[[0;32m  OK  [0m] Reached target Paths.
[[0;32m  OK  [0m] Started Discard unused blocks once a week.
[[0;32m  OK  [0m] Listening on cloud-init hotplug hook socket.
[[0;32m  OK  [0m] Listening on D-Bus System Message Bus Socket.
[[0;32m  OK  [0m] Started Daily apt download activities.
[[0;32m  OK  [0m] Started Daily apt upgrade and clean activities.
[[0;32m  OK  [0m] Reached target Timers.
         Starting LXD - unix socket.
         Starting Socket activation for snappy daemon.
[[0;32m  OK  [0m] Reached target Network is Online.
[[0;32m  OK  [0m] Reached target Remote File Systems (Pre).
         Mounting /vagrant...
         Starting Availability of block devices...
[[0;32m  OK  [0m] Reached target Cloud-config availability.
[[0;32m  OK  [0m] Listening on LXD - unix socket.
[[0;32m  OK  [0m] Listening on Socket activation for snappy daemon.
[[0;32m  OK  [0m] Reached target Sockets.
[[0;32m  OK  [0m] Reached target Basic System.
[[0;32m  OK  [0m] Started Deferred execution scheduler.
[[0;32m  OK  [0m] Started D-Bus System Message Bus.
         Starting Accounts Service...
         Starting Dispatcher daemon for systemd-networkd...
         Starting Login Service...
[[0;32m  OK  [0m] Started FUSE filesystem for LXC.
         Starting System Logging Service...
         Starting LSB: Record successful boot for GRUB...
[[0;32m  OK  [0m] Started irqbalance daemon.
         Starting Virtualbox guest utils...
         Starting Snap Daemon...
[[0;32m  OK  [0m] Started Regular background program processing daemon.
         Starting OpenBSD Secure Shell server...
         Starting LXD - container startup/shutdown...
[[0;32m  OK  [0m] Started System Logging Service.
[[0;32m  OK  [0m] Mounted /vagrant.
[[0;32m  OK  [0m] Started Availability of block devices.
[[0;32m  OK  [0m] Started Login Service.
[[0;32m  OK  [0m] Started Unattended Upgrades Shutdown.
[[0;32m  OK  [0m] Reached target Remote File Systems.
         Starting Permit User Sessions...
         Starting LSB: automatic crash report generation...
[[0;32m  OK  [0m] Started Permit User Sessions.
         Starting Terminate Plymouth Boot Screen...
         Starting Hold until boot process finishes up...
         Starting Authorization Manager...
[[0;32m  OK  [0m] Started Hold until boot process finishes up.
[[0;32m  OK  [0m] Started Serial Getty on ttyS0.
         Starting Set console scheme...
[[0;32m  OK  [0m] Started Terminate Plymouth Boot Screen.
[[0;32m  OK  [0m] Started Set console scheme.
[[0;32m  OK  [0m] Created slice system-getty.slice.
[[0;32m  OK  [0m] Started Getty on tty1.
[[0;32m  OK  [0m] Reached target Login Prompts.
[[0;32m  OK  [0m] Started LSB: Record successful boot for GRUB.
[[0;32m  OK  [0m] Started LSB: automatic crash report generation.
[[0;32m  OK  [0m] Started Authorization Manager.
[[0;32m  OK  [0m] Started Accounts Service.
[[0;32m  OK  [0m] Started Virtualbox guest utils.
[[0;32m  OK  [0m] Started OpenBSD Secure Shell server.
[[0;32m  OK  [0m] Started Dispatcher daemon for systemd-networkd.
[[0;32m  OK  [0m] Created slice User Slice of vagrant.
         Starting User Manager for UID 1000...
[[0;32m  OK  [0m] Started Session 1 of user vagrant.
[[0;32m  OK  [0m] Started LXD - container startup/shutdown.
[[0;32m  OK  [0m] Started Snap Daemon.
         Starting Wait until snapd is fully seeded...
         Starting Time & Date Service...
[[0;32m  OK  [0m] Started User Manager for UID 1000.
[[0;32m  OK  [0m] Started Time & Date Service.
[   33.201694] cloud-init[1287]: Cloud-init v. 22.2-0ubuntu1~18.04.3 running 'modules:config' at Wed, 21 Sep 2022 12:00:53 +0000. Up 33.01 seconds.

Ubuntu 18.04.6 LTS web01 ttyS0

web01 login: [   33.810086] cloud-init[1340]: Cloud-init v. 22.2-0ubuntu1~18.04.3 running 'modules:final' at Wed, 21 Sep 2022 12:00:54 +0000. Up 33.64 seconds.
[   33.810288] cloud-init[1340]: Cloud-init v. 22.2-0ubuntu1~18.04.3 finished at Wed, 21 Sep 2022 12:00:54 +0000. Datasource DataSourceNoCloud [seed=/dev/sdb][dsmode=net].  Up 33.78 seconds
[[0;32m  OK  [0m] Stopped Unattended Upgrades Shutdown.
[[0;32m  OK  [0m] Stopped target Graphical Interface.
[[0;32m  OK  [0m] Stopped target Host and Network Name Lookups.
[[0;32m  OK  [0m] Stopped target Cloud-init target.
[[0;32m  OK  [0m] Stopped Execute cloud user/final scripts.
[[0;32m  OK  [0m] Stopped Apply the settings specified in cloud-config.
[[0;32m  OK  [0m] Stopped target Multi-User System.
         Stopping Regular background program processing daemon...
[[0;32m  OK  [0m] Stopped Wait until snapd is fully seeded.
         Stopping LSB: Record successful boot for GRUB...
         Stopping LSB: automatic crash report generation...
[[0;32m  OK  [0m] Stopped target Cloud-config availability.
[[0;32m  OK  [0m] Stopped target Timers.
[[0;32m  OK  [0m] Stopped Message of the Day.
[[0;32m  OK  [0m] Stopped Daily apt upgrade and clean activities.
[[0;32m  OK  [0m] Stopped Discard unused blocks once a week.
[[0;32m  OK  [0m] Stopped Ubuntu Advantage Timer for running repeated jobs.
         Stopping Accounts Service...
[[0;32m  OK  [0m] Stopped target Login Prompts.
         Stopping Serial Getty on ttyS0...
         Stopping Virtualbox guest utils...
         Stopping FUSE filesyste         Stopping Availability of block devices...
         Stopping D-Bus System Message Bus...
[[0;32m  OK  [0m] Stopped Daily apt download activities.
         Stopping User Manager for UID 1000...
         Stopping Getty on tty1...
         Stopping Deferred execution scheduler...
[[0;32m  OK  [0m] Closed Load/Save RF Kill Switch Status /dev/rfkill Watch.
[[0;32m  OK  [0m] Stopped target System Time Synchronized.
         Stopping Dispatcher daemon for systemd-networkd...
         Stopping Authorization Manager...
[[0;32m  OK  [0m] Stopped Daily Cleanup of Temporary Directories.
[[0;32m  OK  [0m] Stopped Deferred execution scheduler.
[[0;32m  OK  [0m] Unmounted /var/lib/lxcfs.
[[0;32m  OK  [0m] Stopped Accounts Service.
[[0;32m  OK  [0m] Stopped Dispatcher daemon for systemd-networkd.
[[0;32m  OK  [0m] Stopped System Logging Service.
[[0;32m  OK  [0m] Stopped irqbalance daemon.
[[0;32m  OK  [0m] Stopped Regular background program processing daemon.
[[0;32m  OK  [0m] Stopped Authorization Manager.
[[0;32m  OK  [0m] Stopped Serial Getty on ttyS0.
[[0;32m  OK  [0m] Stopped Getty on tty1.
[[0;32m  OK  [0m] Stopped OpenBSD Secure Shell server.
[[0;32m  OK  [0m] Stopped User Manager for UID 1000.
[[0;32m  OK  [0m] Stopped D-Bus System Message Bus.
[[0;32m  OK  [0m] Stopped Session 3 of user vagrant.
[[0;32m  OK  [0m] Removed slice User Slice of vagrant.
         Stopping Login Service...
[[0;32m  OK  [0m] Removed slice system-getty.slice.
[[0;32m  OK  [0m] Removed slice system-serial\x2dgetty.slice.
         Stopping Permit User Sessions...
[[0;32m  OK  [0m] Stopped LSB: Record successful boot for GRUB.
[[0;32m  OK  [0m] Stopped Permit User Sessions.
[[0;32m  OK  [0m] Stopped Login Service.
[[0;32m  OK  [0m] Stopped target User and Group Name Lookups.
[[0;32m  OK  [0m] Stopped LXD - container startup/shutdown.
[[0;32m  OK  [0m] Stopped FUSE filesystem for LXC.
[[0;32m  OK  [0m] Stopped LSB: automatic crash report generation.
[[0;32m  OK  [0m] Stopped target Remote File Systems.
         Unmounting /vagrant...
[[0;32m  OK  [0m] Stopped Virtualbox guest utils.
[[0;32m  OK  [0m] Stopped target Basic System.
[[0;32m  OK  [0m] Stopped target Paths.
[[0;32m  OK  [0m] Stopped ACPI Events Check.
[[0;32m  OK  [0m] Stopped target Slices.
[[0;32m  OK  [0m] Removed slice User and Session Slice.
[[0;32m  OK  [0m] Stopped target Sockets.
[[0;32m  OK  [0m] Closed ACPID Listen Socket.
[[0;32m  OK  [0m] Closed Socket activation for snappy daemon.
[[0;32m  OK  [0m] Closed D-Bus System Message Bus Socket.
[[0;32m  OK  [0m] Closed Open-iSCSI iscsid Socket.
[[0;32m  OK  [0m] Closed cloud-init hotplug hook socket.
[[0;32m  OK  [0m] Closed UUID daemon activation socket.
[[0;32m  OK  [0m] Closed LXD - unix socket.
[[0;32m  OK  [0m] Closed Syslog Socket.
[[0;32m  OK  [0m] Stopped target System Initialization.
         Stopping Load/Save Random Seed...
         Stopping Update UTMP about System Boot/Shutdown...
[[0;32m  OK  [0m] Stopped target Local Encrypted Volumes.
[[0;32m  OK  [0m] Stopped Dispatch Password Requests to Console Directory Watch.
[[0;32m  OK  [0m] Stopped Forward Password Requests to Wall Directory Watch.
[[0;32m  OK  [0m] Stopped Load/Save Random Seed.
[[0;32m  OK  [0m] Stopped Update UTMP about System Boot/Shutdown.
[[0;32m  OK  [0m] Unmounted /vagrant.
[[0;32m  OK  [0m] Stopped target Remote File Systems (Pre).
[[0;32m  OK  [0m] Stopped target Network is Online.
[[0;32m  OK  [0m] Stopped Initial cloud-init job (metadata service crawler).
[[0;32m  OK  [0m] Stopped target Network.
         Stopping Network Name Resolution...
[[0;32m  OK  [0m] Stopped Network Name Resolution.
[[0;32m  OK  [0m] Stopped Create Volatile Files and Directories.
[[0;32m  OK  [0m] Stopped target Local File Systems.
         Unmounting /run/user/1000...
         Stopping Network Service...
[[0;32m  OK  [0m] Stopped Availability of block devices.
[[0;32m  OK  [0m] Unmounted /run/user/1000.
[[0;32m  OK  [0m] Reached target Unmount All Filesystems.
[[0;32m  OK  [0m] Stopped target Local File Systems (Pre).
         Stopping Monitoring of LVM2 mirrors…ng dmeventd or progress polling...
[[0;32m  OK  [0m] Stopped Create Static Device Nodes in /dev.
[[0;32m  OK  [0m] Stopped target Swap.
[[0;32m  OK  [0m] Stopped Network Service.
[[0;32m  OK  [0m] Stopped Monitoring of LVM2 mirrors,…sing dmeventd or progress polling.
         Stopping LVM2 metadata daemon...
[[0;32m  OK  [0m] Stopped target Network (Pre).
[[0;32m  OK  [0m] Stopped Initial cloud-init job (pre-networking).
[[0;32m  OK  [0m] Stopped Remount Root and Kernel File Systems.
[[0;32m  OK  [0m] Stopped Apply Kernel Variables.
[[0;32m  OK  [0m] Stopped Load Kernel Modules.
[[0;32m  OK  [0m] Reached target Shutdown.
[[0;32m  OK  [0m] Reached target Final Step.
         Starting Power-Off...
[[0;32m  OK  [0m] Stopped LVM2 metadata daemon.
[  199.200068] reboot: Power down
